<?xml version="1.0" encoding="UTF-8" ?>
<testsuite errors="0" failures="0" hostname="Varuns-MBP" name="MarkupCalculatorTests" skipped="0" tests="4" time="0.046" timestamp="2015-11-21T07:15:28">
  <properties>
    <property name="java.vendor" value="Oracle Corporation" />
    <property name="sun.java.launcher" value="SUN_STANDARD" />
    <property name="env.XPC_SERVICE_NAME" value="0" />
    <property name="sun.management.compiler" value="HotSpot 64-Bit Tiered Compilers" />
    <property name="os.name" value="Mac OS X" />
    <property name="sun.boot.class.path" value="/Library/Java/JavaVirtualMachines/jdk1.8.0_31.jdk/Contents/Home/jre/lib/resources.jar:/Library/Java/JavaVirtualMachines/jdk1.8.0_31.jdk/Contents/Home/jre/lib/rt.jar:/Library/Java/JavaVirtualMachines/jdk1.8.0_31.jdk/Contents/Home/jre/lib/sunrsasign.jar:/Library/Java/JavaVirtualMachines/jdk1.8.0_31.jdk/Contents/Home/jre/lib/jsse.jar:/Library/Java/JavaVirtualMachines/jdk1.8.0_31.jdk/Contents/Home/jre/lib/jce.jar:/Library/Java/JavaVirtualMachines/jdk1.8.0_31.jdk/Contents/Home/jre/lib/charsets.jar:/Library/Java/JavaVirtualMachines/jdk1.8.0_31.jdk/Contents/Home/jre/lib/jfr.jar:/Library/Java/JavaVirtualMachines/jdk1.8.0_31.jdk/Contents/Home/jre/classes" />
    <property name="env.TMPDIR" value="/var/folders/3p/qszncyx96tz41swd9c_2trbc0000gn/T/" />
    <property name="env.PWD" value="/Users/varungoyal/test_projects/MarkupCalculatorTests" />
    <property name="user.country.format" value="CA" />
    <property name="env.LANG" value="en_CA.UTF-8" />
    <property name="java.vm.specification.vendor" value="Oracle Corporation" />
    <property name="ant.home" value="/usr/local/Cellar/ant/1.9.6/libexec" />
    <property name="java.runtime.version" value="1.8.0_31-b13" />
    <property name="env.Apple_PubSub_Socket_Render" value="/private/tmp/com.apple.launchd.JLTMVswmDj/Render" />
    <property name="env.DISPLAY" value="/private/tmp/com.apple.launchd.F68Gowg37I/org.macosforge.xquartz:0" />
    <property name="user.name" value="varungoyal" />
    <property name="env.USER" value="varungoyal" />
    <property name="env.SHELL" value="/bin/bash" />
    <property name="env.__CF_USER_TEXT_ENCODING" value="0x1F5:0x0:0x0" />
    <property name="ant.file.type.MarkupCalculatorTests" value="file" />
    <property name="env.PATH" value="/Library/Frameworks/Python.framework/Versions/3.4/bin:/Users/varungoyal/bin/Sencha/Cmd/5.1.1.39:/usr/local/bin:/usr/bin:/bin:/usr/sbin:/sbin:/opt/X11/bin" />
    <property name="user.language" value="en" />
    <property name="sun.boot.library.path" value="/Library/Java/JavaVirtualMachines/jdk1.8.0_31.jdk/Contents/Home/jre/lib" />
    <property name="ant.project.default-target" value="MarkupCalculatorTests" />
    <property name="env.XPC_FLAGS" value="0x0" />
    <property name="ant.project.name" value="MarkupCalculatorTests" />
    <property name="java.version" value="1.8.0_31" />
    <property name="user.timezone" value="America/Toronto" />
    <property name="sun.arch.data.model" value="64" />
    <property name="http.nonProxyHosts" value="local|*.local|169.254/16|*.169.254/16" />
    <property name="java.endorsed.dirs" value="/Library/Java/JavaVirtualMachines/jdk1.8.0_31.jdk/Contents/Home/jre/lib/endorsed" />
    <property name="sun.cpu.isalist" value="" />
    <property name="sun.jnu.encoding" value="UTF-8" />
    <property name="file.encoding.pkg" value="sun.io" />
    <property name="env.SHLVL" value="2" />
    <property name="file.separator" value="/" />
    <property name="java.specification.name" value="Java Platform API Specification" />
    <property name="java.class.version" value="52.0" />
    <property name="user.country" value="US" />
    <property name="java.home" value="/Library/Java/JavaVirtualMachines/jdk1.8.0_31.jdk/Contents/Home/jre" />
    <property name="java.vm.info" value="mixed mode" />
    <property name="env.LOGNAME" value="varungoyal" />
    <property name="ant.file" value="/Users/varungoyal/test_projects/MarkupCalculatorTests/build.xml" />
    <property name="os.version" value="10.11" />
    <property name="env.TERM_PROGRAM_VERSION" value="361" />
    <property name="path.separator" value=":" />
    <property name="java.vm.version" value="25.31-b07" />
    <property name="ant.library.dir" value="/usr/local/Cellar/ant/1.9.6/libexec/lib" />
    <property name="junit.output.dir" value="junit" />
    <property name="java.awt.printerjob" value="sun.lwawt.macosx.CPrinterJob" />
    <property name="env.TERM" value="xterm-256color" />
    <property name="sun.io.unicode.encoding" value="UnicodeBig" />
    <property name="awt.toolkit" value="sun.lwawt.macosx.LWCToolkit" />
    <property name="socksNonProxyHosts" value="local|*.local|169.254/16|*.169.254/16" />
    <property name="ftp.nonProxyHosts" value="local|*.local|169.254/16|*.169.254/16" />
    <property name="user.home" value="/Users/varungoyal" />
    <property name="target" value="1.8" />
    <property name="java.specification.vendor" value="Oracle Corporation" />
    <property name="env.TERM_PROGRAM" value="Apple_Terminal" />
    <property name="java.library.path" value="/Users/varungoyal/Library/Java/Extensions:/Library/Java/Extensions:/Network/Library/Java/Extensions:/System/Library/Java/Extensions:/usr/lib/java:." />
    <property name="java.vendor.url" value="http://java.oracle.com/" />
    <property name="java.vm.vendor" value="Oracle Corporation" />
    <property name="gopherProxySet" value="false" />
    <property name="env.JAVA_MAIN_CLASS_12114" value="org.apache.tools.ant.launch.Launcher" />
    <property name="java.runtime.name" value="Java(TM) SE Runtime Environment" />
    <property name="sun.java.command" value="org.apache.tools.ant.taskdefs.optional.junit.JUnitTestRunner MarkupCalculatorTests skipNonTests=false filtertrace=true haltOnError=false haltOnFailure=false formatter=org.apache.tools.ant.taskdefs.optional.junit.OutErrSummaryJUnitResultFormatter showoutput=false outputtoformatters=true logfailedtests=true threadid=0 logtestlistenerevents=false formatter=org.apache.tools.ant.taskdefs.optional.junit.XMLJUnitResultFormatter,/Users/varungoyal/test_projects/MarkupCalculatorTests/junit/TEST-MarkupCalculatorTests.xml crashfile=/Users/varungoyal/test_projects/MarkupCalculatorTests/junitvmwatcher1453661981029366001.properties propsfile=/Users/varungoyal/test_projects/MarkupCalculatorTests/junit779216798214372969.properties" />
    <property name="java.class.path" value="/Users/varungoyal/test_projects/MarkupCalculatorTests/bin:/Users/varungoyal/Downloads/eclipse/plugins/org.junit_4.11.0.v201303080030/junit.jar:/Users/varungoyal/Downloads/eclipse/plugins/org.hamcrest.core_1.3.0.v201303031735.jar:/Users/varungoyal/test_projects/MarkupCalculatorTests/markupCalculator.jar:/usr/local/Cellar/ant/1.9.6/libexec/lib/ant-launcher.jar:/usr/local/Cellar/ant/1.9.6/libexec/lib/ant.jar:/usr/local/Cellar/ant/1.9.6/libexec/lib/ant-junit.jar:/usr/local/Cellar/ant/1.9.6/libexec/lib/ant-junit4.jar" />
    <property name="ant.version" value="Apache Ant(TM) version 1.9.6 compiled on June 29 2015" />
    <property name="env.TERM_SESSION_ID" value="BD372AFF-DDC5-4861-B2C6-65133565130E" />
    <property name="env.SENCHA_CMD_3_0_0" value="/Users/varungoyal/bin/Sencha/Cmd/5.1.1.39" />
    <property name="java.vm.specification.name" value="Java Virtual Machine Specification" />
    <property name="ant.file.type" value="file" />
    <property name="java.vm.specification.version" value="1.8" />
    <property name="sun.os.patch.level" value="unknown" />
    <property name="sun.cpu.endian" value="little" />
    <property name="env.HOME" value="/Users/varungoyal" />
    <property name="debuglevel" value="source,lines,vars" />
    <property name="java.io.tmpdir" value="/var/folders/3p/qszncyx96tz41swd9c_2trbc0000gn/T/" />
    <property name="java.vendor.url.bug" value="http://bugreport.sun.com/bugreport/" />
    <property name="env.SSH_AUTH_SOCK" value="/private/tmp/com.apple.launchd.GziQYWTQYp/Listeners" />
    <property name="os.arch" value="x86_64" />
    <property name="java.awt.graphicsenv" value="sun.awt.CGraphicsEnvironment" />
    <property name="java.ext.dirs" value="/Users/varungoyal/Library/Java/Extensions:/Library/Java/JavaVirtualMachines/jdk1.8.0_31.jdk/Contents/Home/jre/lib/ext:/Library/Java/Extensions:/Network/Library/Java/Extensions:/System/Library/Java/Extensions:/usr/lib/java" />
    <property name="user.dir" value="/Users/varungoyal/test_projects/MarkupCalculatorTests" />
    <property name="line.separator" value="&#xa;" />
    <property name="java.vm.name" value="Java HotSpot(TM) 64-Bit Server VM" />
    <property name="basedir" value="/Users/varungoyal/test_projects/MarkupCalculatorTests" />
    <property name="ant.java.version" value="1.8" />
    <property name="ant.core.lib" value="/usr/local/Cellar/ant/1.9.6/libexec/lib/ant.jar" />
    <property name="source" value="1.8" />
    <property name="file.encoding" value="UTF-8" />
    <property name="ant.file.MarkupCalculatorTests" value="/Users/varungoyal/test_projects/MarkupCalculatorTests/build.xml" />
    <property name="java.specification.version" value="1.8" />
    <property name="ant.project.invoked-targets" value="MarkupCalculatorTests" />
  </properties>
  <testcase classname="MarkupCalculatorTests" name="testGetTotalPeopleMarkupShouldReturnValidValues" time="0.001" />
  <testcase classname="MarkupCalculatorTests" name="testGetCategoryCalculateFinalPriceShouldIncludeMarkups" time="0.001" />
  <testcase classname="MarkupCalculatorTests" name="testGetCategoryMarkupShouldReturnValidValues" time="0.0" />
  <testcase classname="MarkupCalculatorTests" name="testGetTotalPeopleMarkupShouldRaiseException" time="0.007" />
  <system-out><![CDATA[]]></system-out>
  <system-err><![CDATA[]]></system-err>
</testsuite>
